Thu 01 Aug 2024 17:23:42 INFO  ['c:\\Users\\Neutral_Neutron\\Desktop\\Markus PLEASE GOD\\Project\\lfm-100-core\\train_bpr.py']
Thu 01 Aug 2024 17:23:42 INFO  
General Hyper Parameters:
gpu_id = 0
use_gpu = True
seed = 2020
state = INFO
reproducibility = True
data_path = .\Recbole\dataset\LFM
checkpoint_dir = saved
show_progress = True
save_dataset = False
dataset_save_path = None
save_dataloaders = False
dataloaders_save_path = None
log_wandb = False

Training Hyper Parameters:
epochs = 1
train_batch_size = 2048
learner = adam
learning_rate = 0.001
train_neg_sample_args = {'distribution': 'none', 'sample_num': 'none', 'alpha': 'none', 'dynamic': False, 'candidate_num': 0}
eval_step = 1
stopping_step = 10
clip_grad_norm = None
weight_decay = 0.0
loss_decimal_place = 4

Evaluation Hyper Parameters:
eval_args = {'split': {'RS': [0.6, 0.2, 0.2]}, 'order': 'TO', 'group_by': 'user', 'mode': {'valid': 'full', 'test': 'full'}, 'split_mode': 'time'}
repeatable = True
metrics = ['Recall', 'MRR', 'NDCG']
topk = [10]
valid_metric = MRR@10
valid_metric_bigger = True
eval_batch_size = 4096
metric_decimal_place = 4

Dataset Hyper Parameters:
field_separator = 	
seq_separator =  
USER_ID_FIELD = user_id
ITEM_ID_FIELD = track_id
RATING_FIELD = rating
TIME_FIELD = time
seq_len = None
LABEL_FIELD = label
threshold = None
NEG_PREFIX = neg_
load_col = {'inter': ['user_id', 'track_id', 'time']}
unload_col = None
unused_col = None
additional_feat_suffix = None
rm_dup_inter = None
val_interval = None
filter_inter_by_user_or_item = True
user_inter_num_interval = [0,inf)
item_inter_num_interval = [0,inf)
alias_of_user_id = None
alias_of_item_id = None
alias_of_entity_id = None
alias_of_relation_id = None
preload_weight = None
normalize_field = None
normalize_all = None
ITEM_LIST_LENGTH_FIELD = item_length
LIST_SUFFIX = _list
MAX_ITEM_LIST_LENGTH = 50
POSITION_FIELD = position_id
HEAD_ENTITY_ID_FIELD = head_id
TAIL_ENTITY_ID_FIELD = tail_id
RELATION_ID_FIELD = relation_id
ENTITY_ID_FIELD = entity_id
benchmark_filename = None

Other Hyper Parameters: 
worker = 0
wandb_project = recbole
shuffle = True
require_pow = False
enable_amp = False
enable_scaler = False
transform = None
n_layers = 2
n_heads = 2
hidden_size = 64
inner_size = 256
hidden_dropout_prob = 0.5
attn_dropout_prob = 0.5
hidden_act = gelu
layer_norm_eps = 1e-12
initializer_range = 0.02
loss_type = CE
numerical_features = []
discretization = None
kg_reverse_r = False
entity_kg_num_interval = [0,inf)
relation_kg_num_interval = [0,inf)
MODEL_TYPE = ModelType.SEQUENTIAL
training_neg_sample_num = 0
MODEL_INPUT_TYPE = InputType.POINTWISE
eval_type = EvaluatorType.RANKING
single_spec = True
local_rank = 0
device = cpu
valid_neg_sample_args = {'distribution': 'uniform', 'sample_num': 'none'}
test_neg_sample_args = {'distribution': 'uniform', 'sample_num': 'none'}


Thu 01 Aug 2024 17:23:58 INFO  LFM
The number of users: 188
Average actions of users: 25108.614973262032
The number of items: 129967
Average actions of items: 36.12722558207531
The number of inters: 4695311
The sparsity of the dataset: 80.7835385054373%
Remain Fields: ['user_id', 'track_id', 'time']
Thu 01 Aug 2024 17:25:41 INFO  [Training]: train_batch_size = [2048] train_neg_sample_args: [{'distribution': 'none', 'sample_num': 'none', 'alpha': 'none', 'dynamic': False, 'candidate_num': 0}]
Thu 01 Aug 2024 17:25:41 INFO  [Evaluation]: eval_batch_size = [4096] eval_args: [{'split': {'RS': [0.6, 0.2, 0.2]}, 'order': 'TO', 'group_by': 'user', 'mode': {'valid': 'full', 'test': 'full'}, 'split_mode': 'time'}]
Thu 01 Aug 2024 17:25:41 INFO  SASRec(
  (item_embedding): Embedding(129967, 64, padding_idx=0)
  (position_embedding): Embedding(50, 64)
  (trm_encoder): TransformerEncoder(
    (layer): ModuleList(
      (0-1): 2 x TransformerLayer(
        (multi_head_attention): MultiHeadAttention(
          (query): Linear(in_features=64, out_features=64, bias=True)
          (key): Linear(in_features=64, out_features=64, bias=True)
          (value): Linear(in_features=64, out_features=64, bias=True)
          (softmax): Softmax(dim=-1)
          (attn_dropout): Dropout(p=0.5, inplace=False)
          (dense): Linear(in_features=64, out_features=64, bias=True)
          (LayerNorm): LayerNorm((64,), eps=1e-12, elementwise_affine=True)
          (out_dropout): Dropout(p=0.5, inplace=False)
        )
        (feed_forward): FeedForward(
          (dense_1): Linear(in_features=64, out_features=256, bias=True)
          (dense_2): Linear(in_features=256, out_features=64, bias=True)
          (LayerNorm): LayerNorm((64,), eps=1e-12, elementwise_affine=True)
          (dropout): Dropout(p=0.5, inplace=False)
        )
      )
    )
  )
  (LayerNorm): LayerNorm((64,), eps=1e-12, elementwise_affine=True)
  (dropout): Dropout(p=0.5, inplace=False)
  (loss_fct): CrossEntropyLoss()
)
Trainable parameters: 8421184
Thu 01 Aug 2024 17:25:41 INFO  FLOPs: 4983464.0
